<?xml version="1.0" encoding="utf-8"?><testsuites><testsuite errors="0" failures="0" hostname="ams-vm-ak14" name="pytest" skipped="0" tests="2" time="110.678" timestamp="2021-02-26T14:31:31.452702"><testcase classname="test_changes_param_fail" name="test_verify_parse_fail_with_incorrect_parameters[parameters0-results0-None]" time="57.251" /><testcase classname="test_changes_param_fail" name="test_verify_parse_fail_with_incorrect_parameters[parameters1-results1-removed_params1]" time="53.298" /></testsuite></testsuites>